<?xml version="1.0" encoding="UTF-8"?>
<!-- Generated by org.testng.reporters.JUnitReportReporter -->
<testsuite hostname="LPBIHSIND0964" failures="0" tests="1" name="oms.TestCases.TC_001_loginToBrowserTest" time="2.767" errors="0" timestamp="2022-11-18T09:44:05 IST" skipped="0">
  <testcase classname="oms.TestCases.TC_001_loginToBrowserTest" name="Browser_Login" time="2.767"/>
  <system-out/>
</testsuite> <!-- oms.TestCases.TC_001_loginToBrowserTest -->
