<?xml version="1.0" encoding="UTF-8"?>
<!-- Generated by org.testng.reporters.JUnitReportReporter -->
<testsuite hostname="LPBIHSIND0964" failures="0" tests="1" name="oms.TestCases.TC_002_CreatePurchaseOrderTest" time="94.804" errors="0" timestamp="2022-11-18T17:42:43 IST" skipped="0">
  <testcase classname="oms.TestCases.TC_002_CreatePurchaseOrderTest" name="purchase_order" time="94.804"/>
  <system-out>
    <![CDATA[Test Case Id: XXXXXX
PO ID: PO1047007413
Step:1 P.O Created Successfully And Verify Passed 
Step:3 P.O Approved By Procurement And Verify Passed 
Step:4 P.O Approved By Finance And Verify Passed 
Step:5 Stock Inwarded Successfully And Verify Passed 
PO ID : PO1047007413 GRN number : GRN18112201150]]>
  </system-out>
</testsuite> <!-- oms.TestCases.TC_002_CreatePurchaseOrderTest -->
