<?xml version="1.0" encoding="UTF-8"?>
<!-- Generated by org.testng.reporters.JUnitReportReporter -->
<testsuite hostname="LPBIHSIND0964" failures="0" tests="1" name="oms.TestCases.TC_002_CreatePurchaseOrderTest" time="2.547" errors="0" timestamp="2022-11-17T17:49:12 IST" skipped="0">
  <testcase classname="oms.TestCases.TC_002_CreatePurchaseOrderTest" name="purchase_order" time="2.547"/>
  <system-out/>
</testsuite> <!-- oms.TestCases.TC_002_CreatePurchaseOrderTest -->
